<?xml version="1.0" encoding="UTF-8"?>
<testng-results ignored="0" total="1" passed="1" failed="0" skipped="0">
  <reporter-output>
  </reporter-output>
  <suite started-at="2024-01-09T18:02:48 IST" name="Default suite" finished-at="2024-01-09T21:50:11 IST" duration-ms="13643230">
    <groups>
    </groups>
    <test started-at="2024-01-09T18:02:48 IST" name="Default test" finished-at="2024-01-09T21:50:11 IST" duration-ms="13643230">
      <class name="PIReport.GeneratePIReport">
        <test-method signature="PIReport()[pri:0, instance:PIReport.GeneratePIReport@531f4093]" started-at="2024-01-09T18:02:48 IST" name="PIReport" finished-at="2024-01-09T21:50:11 IST" duration-ms="13643171" status="PASS">
          <reporter-output>
          </reporter-output>
        </test-method> <!-- PIReport -->
      </class> <!-- PIReport.GeneratePIReport -->
    </test> <!-- Default test -->
  </suite> <!-- Default suite -->
</testng-results>
